<?xml version='1.0'?>
<ns2:test-suite xmlns:ns2='urn:model.allure.qatools.yandex.ru' start='1670086796054' stop='1670086796057'>
    <name>newegg search bar and internet shop logo: Search bar</name>
    <title>newegg search bar and internet shop logo: Search bar</title>
    <test-cases>
        <test-case start='1670086796054' status='passed' stop='1670086796055'>
            <name></name>
            <title></title>
            <labels>
                <label name='language' value='javascript'/>
                <label name='framework' value='wdio'/>
                <label name='thread' value='0-0'/>
            </labels>
            <parameters>
                <parameter kind='argument' name='browser' value='chrome-108.0.5359.94'/>
            </parameters>
            <steps/>
            <attachments/>
        </test-case>
        <test-case start='1670086796055' status='broken' stop='1670086796056'>
            <name>Given a user can access the "newegg" website and the promo bar appears</name>
            <title>Given a user can access the "newegg" website and the promo bar appears</title>
            <labels>
                <label name='language' value='javascript'/>
                <label name='framework' value='wdio'/>
                <label name='thread' value='0-0'/>
            </labels>
            <parameters>
                <parameter kind='argument' name='browser' value='chrome-108.0.5359.94'/>
            </parameters>
            <steps/>
            <attachments/>
            <failure>
                <message>Step "a user can access the "newegg" website and the promo bar appears" is not defined. You can ignore this error by setting cucumberOpts.ignoreUndefinedDefinitions as true.</message>
                <stack-trace>Step "a user can access the "newegg" website and the promo bar appears" is not defined. You can ignore this error by setting cucumberOpts.ignoreUndefinedDefinitions as true.
                	at Feature(/Users/atul/Desktop/E2E-Test-Automation-WebdriverIO/features/bootcamp.feature):1:1
                	at Scenario(Search bar):6:3
                </stack-trace>
            </failure>
        </test-case>
        <test-case start='1670086796056' status='pending' stop='1670086796056'>
            <name>Given that the search bar is present</name>
            <title>Given that the search bar is present</title>
            <labels>
                <label name='language' value='javascript'/>
                <label name='framework' value='wdio'/>
                <label name='thread' value='0-0'/>
            </labels>
            <parameters>
                <parameter kind='argument' name='browser' value='chrome-108.0.5359.94'/>
            </parameters>
            <steps/>
            <attachments/>
        </test-case>
        <test-case start='1670086796056' status='pending' stop='1670086796056'>
            <name>When the user enters a "value"</name>
            <title>When the user enters a "value"</title>
            <labels>
                <label name='language' value='javascript'/>
                <label name='framework' value='wdio'/>
                <label name='thread' value='0-0'/>
            </labels>
            <parameters>
                <parameter kind='argument' name='browser' value='chrome-108.0.5359.94'/>
            </parameters>
            <steps/>
            <attachments/>
        </test-case>
        <test-case start='1670086796056' status='broken' stop='1670086796056'>
            <name>Then one item appears</name>
            <title>Then one item appears</title>
            <labels>
                <label name='language' value='javascript'/>
                <label name='framework' value='wdio'/>
                <label name='thread' value='0-0'/>
            </labels>
            <parameters>
                <parameter kind='argument' name='browser' value='chrome-108.0.5359.94'/>
            </parameters>
            <steps/>
            <attachments/>
            <failure>
                <message>Step "one item appears" is not defined. You can ignore this error by setting cucumberOpts.ignoreUndefinedDefinitions as true.</message>
                <stack-trace>Step "one item appears" is not defined. You can ignore this error by setting cucumberOpts.ignoreUndefinedDefinitions as true.
                	at Feature(/Users/atul/Desktop/E2E-Test-Automation-WebdriverIO/features/bootcamp.feature):1:1
                	at Scenario(Search bar):6:3
                	at Step(one item appears):9:5
                </stack-trace>
            </failure>
        </test-case>
        <test-case start='1670086796056' status='passed' stop='1670086796056'>
            <name></name>
            <title></title>
            <labels>
                <label name='language' value='javascript'/>
                <label name='framework' value='wdio'/>
                <label name='thread' value='0-0'/>
            </labels>
            <parameters>
                <parameter kind='argument' name='browser' value='chrome-108.0.5359.94'/>
            </parameters>
            <steps/>
            <attachments/>
        </test-case>
    </test-cases>
</ns2:test-suite>