<?xml version='1.0'?>
<ns2:test-suite xmlns:ns2='urn:model.allure.qatools.yandex.ru' start='1670087083368' stop='1670087083373'>
    <name>newegg search bar and internet shop logo: Search bar</name>
    <title>newegg search bar and internet shop logo: Search bar</title>
    <test-cases>
        <test-case start='1670087083368' status='passed' stop='1670087083369'>
            <name></name>
            <title></title>
            <labels>
                <label name='language' value='javascript'/>
                <label name='framework' value='wdio'/>
                <label name='thread' value='0-0'/>
            </labels>
            <parameters>
                <parameter kind='argument' name='browser' value='chrome-108.0.5359.94'/>
            </parameters>
            <steps/>
            <attachments/>
        </test-case>
        <test-case start='1670087083369' status='broken' stop='1670087083373'>
            <name>Given a user can access the newegg website and the promo bar appears</name>
            <title>Given a user can access the newegg website and the promo bar appears</title>
            <labels>
                <label name='language' value='javascript'/>
                <label name='framework' value='wdio'/>
                <label name='thread' value='0-0'/>
            </labels>
            <parameters>
                <parameter kind='argument' name='browser' value='chrome-108.0.5359.94'/>
            </parameters>
            <steps>
                <step start='1670087083370' status='broken' stop='1670087083373'>
                    <name>POST /session/:sessionId/url</name>
                    <title>POST /session/:sessionId/url</title>
                    <attachments>
                        <attachment title='Request' source='0d06dcb3-0a2e-4582-95a5-92357738972c-attachment.json' type='application/json' size='34'/>
                    </attachments>
                    <steps/>
                </step>
            </steps>
            <attachments/>
            <failure>
                <message>Error: function uses multiple asynchronous interfaces: callback and promise</message>
                <stack-trace>Error: function uses multiple asynchronous interfaces: callback and promise
                to use the callback interface: do not return a promise
                to use the promise interface: remove the last argument to the function
                    at Object.run (/Users/atul/Desktop/E2E-Test-Automation-WebdriverIO/node_modules/@cucumber/cucumber/lib/user_code_runner.js:35:24)
                    at Object.run (/Users/atul/Desktop/E2E-Test-Automation-WebdriverIO/node_modules/@cucumber/cucumber/lib/runtime/step_runner.js:52:59)
                    at process.processTicksAndRejections (node:internal/process/task_queues:95:5)
                    at async TestCaseRunner.invokeStep (/Users/atul/Desktop/E2E-Test-Automation-WebdriverIO/node_modules/@cucumber/cucumber/lib/runtime/test_case_runner.js:93:16)
                    at async TestCaseRunner.runStep (/Users/atul/Desktop/E2E-Test-Automation-WebdriverIO/node_modules/@cucumber/cucumber/lib/runtime/test_case_runner.js:237:26)
                    at async /Users/atul/Desktop/E2E-Test-Automation-WebdriverIO/node_modules/@cucumber/cucumber/lib/runtime/test_case_runner.js:163:48
                    at async TestCaseRunner.aroundTestStep (/Users/atul/Desktop/E2E-Test-Automation-WebdriverIO/node_modules/@cucumber/cucumber/lib/runtime/test_case_runner.js:117:32)
                    at async TestCaseRunner.run (/Users/atul/Desktop/E2E-Test-Automation-WebdriverIO/node_modules/@cucumber/cucumber/lib/runtime/test_case_runner.js:146:17)
                    at async Runtime.runTestCase (/Users/atul/Desktop/E2E-Test-Automation-WebdriverIO/node_modules/@cucumber/cucumber/lib/runtime/index.js:41:24)
                    at async Runtime.start (/Users/atul/Desktop/E2E-Test-Automation-WebdriverIO/node_modules/@cucumber/cucumber/lib/runtime/index.js:65:13)</stack-trace>
            </failure>
        </test-case>
        <test-case start='1670087083373' status='pending' stop='1670087083373'>
            <name>Given that the search bar is present</name>
            <title>Given that the search bar is present</title>
            <labels>
                <label name='language' value='javascript'/>
                <label name='framework' value='wdio'/>
                <label name='thread' value='0-0'/>
            </labels>
            <parameters>
                <parameter kind='argument' name='browser' value='chrome-108.0.5359.94'/>
            </parameters>
            <steps/>
            <attachments/>
        </test-case>
        <test-case start='1670087083373' status='pending' stop='1670087083373'>
            <name>When the user enters a "value"</name>
            <title>When the user enters a "value"</title>
            <labels>
                <label name='language' value='javascript'/>
                <label name='framework' value='wdio'/>
                <label name='thread' value='0-0'/>
            </labels>
            <parameters>
                <parameter kind='argument' name='browser' value='chrome-108.0.5359.94'/>
            </parameters>
            <steps/>
            <attachments/>
        </test-case>
        <test-case start='1670087083373' status='broken' stop='1670087083373'>
            <name>Then one item appears</name>
            <title>Then one item appears</title>
            <labels>
                <label name='language' value='javascript'/>
                <label name='framework' value='wdio'/>
                <label name='thread' value='0-0'/>
            </labels>
            <parameters>
                <parameter kind='argument' name='browser' value='chrome-108.0.5359.94'/>
            </parameters>
            <steps/>
            <attachments/>
            <failure>
                <message>Step "one item appears" is not defined. You can ignore this error by setting cucumberOpts.ignoreUndefinedDefinitions as true.</message>
                <stack-trace>Step "one item appears" is not defined. You can ignore this error by setting cucumberOpts.ignoreUndefinedDefinitions as true.
                	at Feature(/Users/atul/Desktop/E2E-Test-Automation-WebdriverIO/features/bootcamp.feature):1:1
                	at Scenario(Search bar):6:3
                	at Step(one item appears):9:5
                </stack-trace>
            </failure>
        </test-case>
        <test-case start='1670087083373' status='passed' stop='1670087083373'>
            <name></name>
            <title></title>
            <labels>
                <label name='language' value='javascript'/>
                <label name='framework' value='wdio'/>
                <label name='thread' value='0-0'/>
            </labels>
            <parameters>
                <parameter kind='argument' name='browser' value='chrome-108.0.5359.94'/>
            </parameters>
            <steps/>
            <attachments/>
        </test-case>
    </test-cases>
</ns2:test-suite>