<?xml version='1.0'?>
<ns2:test-suite xmlns:ns2='urn:model.allure.qatools.yandex.ru' start='1670157022158' stop='1670157023721'>
    <name>newegg search bar and internet shop logo: Internet shop logo button</name>
    <title>newegg search bar and internet shop logo: Internet shop logo button</title>
    <test-cases>
        <test-case start='1670157022158' status='passed' stop='1670157022158'>
            <name></name>
            <title></title>
            <labels>
                <label name='language' value='javascript'/>
                <label name='framework' value='wdio'/>
                <label name='thread' value='0-0'/>
            </labels>
            <parameters>
                <parameter kind='argument' name='browser' value='chrome-108.0.5359.94'/>
            </parameters>
            <steps/>
            <attachments/>
        </test-case>
        <test-case start='1670157022158' status='passed' stop='1670157023692'>
            <name>Given a user can access the newegg website</name>
            <title>Given a user can access the newegg website</title>
            <labels>
                <label name='language' value='javascript'/>
                <label name='framework' value='wdio'/>
                <label name='thread' value='0-0'/>
            </labels>
            <parameters>
                <parameter kind='argument' name='browser' value='chrome-108.0.5359.94'/>
            </parameters>
            <steps>
                <step start='1670157022158' status='passed' stop='1670157023692'>
                    <name>POST /session/:sessionId/url</name>
                    <title>POST /session/:sessionId/url</title>
                    <attachments>
                        <attachment title='Request' source='a0d676ac-7772-4819-9df9-5f1c88cc74a6-attachment.json' type='application/json' size='34'/>
                    </attachments>
                    <steps/>
                </step>
            </steps>
            <attachments/>
        </test-case>
        <test-case start='1670157023692' status='passed' stop='1670157023720'>
            <name>When the promo banner appears</name>
            <title>When the promo banner appears</title>
            <labels>
                <label name='language' value='javascript'/>
                <label name='framework' value='wdio'/>
                <label name='thread' value='0-0'/>
            </labels>
            <parameters>
                <parameter kind='argument' name='browser' value='chrome-108.0.5359.94'/>
            </parameters>
            <steps>
                <step start='1670157023693' status='passed' stop='1670157023719'>
                    <name>POST /session/:sessionId/element</name>
                    <title>POST /session/:sessionId/element</title>
                    <attachments>
                        <attachment title='Request' source='58eac28c-dcd9-4d58-94b5-342785355c86-attachment.json' type='application/json' size='73'/>
                        <attachment title='Response' source='d302bee4-4b38-4e50-97fa-329122eab1de-attachment.json' type='application/json' size='1709'/>
                    </attachments>
                    <steps/>
                </step>
            </steps>
            <attachments/>
        </test-case>
        <test-case start='1670157023720' status='broken' stop='1670157023721'>
            <name>Given the user clicks on "Today's Best Deals" button</name>
            <title>Given the user clicks on "Today's Best Deals" button</title>
            <labels>
                <label name='language' value='javascript'/>
                <label name='framework' value='wdio'/>
                <label name='thread' value='0-0'/>
            </labels>
            <parameters>
                <parameter kind='argument' name='browser' value='chrome-108.0.5359.94'/>
            </parameters>
            <steps/>
            <attachments/>
            <failure>
                <message>function has 0 arguments, should have 1 (if synchronous or returning a promise) or 2 (if accepting a callback)</message>
                <stack-trace>function has 0 arguments, should have 1 (if synchronous or returning a promise) or 2 (if accepting a callback)</stack-trace>
            </failure>
        </test-case>
        <test-case start='1670157023721' status='broken' stop='1670157023721'>
            <name>When the user clicks on "Internet Shop" logo</name>
            <title>When the user clicks on "Internet Shop" logo</title>
            <labels>
                <label name='language' value='javascript'/>
                <label name='framework' value='wdio'/>
                <label name='thread' value='0-0'/>
            </labels>
            <parameters>
                <parameter kind='argument' name='browser' value='chrome-108.0.5359.94'/>
            </parameters>
            <steps/>
            <attachments/>
            <failure>
                <message>Step "the user clicks on "Internet Shop" logo" is not defined. You can ignore this error by setting cucumberOpts.ignoreUndefinedDefinitions as true.</message>
                <stack-trace>Step "the user clicks on "Internet Shop" logo" is not defined. You can ignore this error by setting cucumberOpts.ignoreUndefinedDefinitions as true.
                	at Feature(/Users/atul/Desktop/E2E-Test-Automation-WebdriverIO/features/bootcamp.feature):1:1
                	at Scenario(Internet shop logo button):11:3
                	at Step(the user clicks on "Internet Shop" logo):13:5
                </stack-trace>
            </failure>
        </test-case>
        <test-case start='1670157023721' status='pending' stop='1670157023721'>
            <name>Then the user should be redirected to the main page</name>
            <title>Then the user should be redirected to the main page</title>
            <labels>
                <label name='language' value='javascript'/>
                <label name='framework' value='wdio'/>
                <label name='thread' value='0-0'/>
            </labels>
            <parameters>
                <parameter kind='argument' name='browser' value='chrome-108.0.5359.94'/>
            </parameters>
            <steps/>
            <attachments/>
        </test-case>
        <test-case start='1670157023721' status='passed' stop='1670157023721'>
            <name></name>
            <title></title>
            <labels>
                <label name='language' value='javascript'/>
                <label name='framework' value='wdio'/>
                <label name='thread' value='0-0'/>
            </labels>
            <parameters>
                <parameter kind='argument' name='browser' value='chrome-108.0.5359.94'/>
            </parameters>
            <steps/>
            <attachments/>
        </test-case>
    </test-cases>
</ns2:test-suite>